<?xml version="1.0" encoding="UTF-8"?>
<testsuite xmlns:xsi="http://www.w3.org/2001/XMLSchema-instance" xsi:noNamespaceSchemaLocation="https://maven.apache.org/surefire/maven-failsafe-plugin/xsd/failsafe-test-report-3.0.xsd" version="3.0" name="Service vehicle customer" time="1.83" tests="9" errors="0" skipped="0" failures="0">
  <properties>
[...]
</properties>
  <testcase name="Get all vehicle service with valid parameter id #1" classname="Service vehicle customer" time="0.387">
    <system-out><![CDATA[
@ServiceVehicleCustomer @GetServiceValidId
Scenario Outline: Get all vehicle service with valid parameter id                               &amp#27;[90m# features/Bengcall/User/ServiceVehiclesUser.feature:13&amp#27;[0m
00:21:09.251 [pool-2-thread-1] INFO io.cucumber.core.plugin.SerenityReporter - Running feature from classpath:features/Bengcall/User/ServiceVehiclesUser.feature
00:21:09.269 [pool-2-thread-1] INFO  - 
  _____   ___   ___   _____     ___   _____     _     ___   _____   ___   ___  
 |_   _| | __| / __| |_   _|   / __| |_   _|   /_\   | _ \ |_   _| | __| |   \ 
   | |   | _|  \__ \   | |     \__ \   | |    / _ \  |   /   | |   | _|  | |) |
   |_|   |___| |___/   |_|     |___/   |_|   /_/ \_\ |_|_\   |_|   |___| |___/ 

Get all vehicle service with valid parameter id(service-vehicle-customer;get-all-vehicle-service-with-valid-parameter-id)
--------------------------------------------------------------------------------
00:21:09.317 [pool-2-thread-1] DEBUG net.thucydides.core.steps.StepInterceptor - STARTING STEP: ServiceVehicleStepdefs.getAllVehicleServiceWithValidIdVehicleIdId - Get service vehicle customer with valid parameter id
00:21:09.326 [pool-2-thread-1] DEBUG net.thucydides.core.steps.StepInterceptor - STEP DONE: Get service vehicle customer with valid parameter id
  &amp#27;[32mGiven &amp#27;[0m&amp#27;[32mGet all vehicle service with valid id vehicle id &amp#27;[0m&amp#27;[32m&amp#27;[1m1&amp#27;[0m                                      &amp#27;[90m# bengCall.user.ServiceVehicleStepdefs.getAllVehicleServiceWithValidIdVehicleIdId(int)&amp#27;[0m
  &amp#27;[32mWhen &amp#27;[0m&amp#27;[32mSend request service&amp#27;[0m                                                                     &amp#27;[90m# bengCall.user.ServiceVehicleStepdefs.sendRequestService()&amp#27;[0m
  &amp#27;[32mThen &amp#27;[0m&amp#27;[32mStatus code &amp#27;[0m&amp#27;[32m&amp#27;[1m200&amp#27;[0m&amp#27;[32m OK&amp#27;[0m                                                                       &amp#27;[90m# bengCall.user.ServiceVehicleStepdefs.statusCodeOK(int)&amp#27;[0m
  &amp#27;[32mAnd &amp#27;[0m&amp#27;[32mResponse service customer body should contain massage &amp#27;[0m&amp#27;[32m&amp#27;[1m"Success get spesific service type"&amp#27;[0m &amp#27;[90m# bengCall.user.ServiceVehicleStepdefs.responseBodyShouldContainMassageAndVehicleIdVehicleId(java.lang.String)&amp#27;[0m
  &amp#27;[32mAnd &amp#27;[0m&amp#27;[32mValidation get vehicle service with valid parameter id&amp#27;[0m                                    &amp#27;[90m# bengCall.user.ServiceVehicleStepdefs.validationGetVehicleServiceWithValidParameterId()&amp#27;[0m
00:21:09.580 [pool-2-thread-1] INFO  - 
  _____   ___   ___   _____     ___     _     ___   ___   ___   ___  
 |_   _| | __| / __| |_   _|   | _ \   /_\   / __| / __| | __| |   \ 
   | |   | _|  \__ \   | |     |  _/  / _ \  \__ \ \__ \ | _|  | |) |
   |_|   |___| |___/   |_|     |_|   /_/ \_\ |___/ |___/ |___| |___/ 

Get all vehicle service with valid parameter id
----------------------------------------------------------------------
]]></system-out>
  </testcase>
  <testcase name="Get all vehicle service with valid parameter id #2" classname="Service vehicle customer" time="0.183">
    <system-out><![CDATA[
@ServiceVehicleCustomer @GetServiceValidId
Scenario Outline: Get all vehicle service with valid parameter id                               &amp#27;[90m# features/Bengcall/User/ServiceVehiclesUser.feature:14&amp#27;[0m
00:21:09.589 [pool-2-thread-1] INFO io.cucumber.core.plugin.SerenityReporter - Running feature from classpath:features/Bengcall/User/ServiceVehiclesUser.feature
00:21:09.602 [pool-2-thread-1] DEBUG net.thucydides.core.steps.StepInterceptor - STARTING STEP: ServiceVehicleStepdefs.getAllVehicleServiceWithValidIdVehicleIdId - Get service vehicle customer with valid parameter id
00:21:09.604 [pool-2-thread-1] DEBUG net.thucydides.core.steps.StepInterceptor - STEP DONE: Get service vehicle customer with valid parameter id
  &amp#27;[32mGiven &amp#27;[0m&amp#27;[32mGet all vehicle service with valid id vehicle id &amp#27;[0m&amp#27;[32m&amp#27;[1m2&amp#27;[0m                                      &amp#27;[90m# bengCall.user.ServiceVehicleStepdefs.getAllVehicleServiceWithValidIdVehicleIdId(int)&amp#27;[0m
  &amp#27;[32mWhen &amp#27;[0m&amp#27;[32mSend request service&amp#27;[0m                                                                     &amp#27;[90m# bengCall.user.ServiceVehicleStepdefs.sendRequestService()&amp#27;[0m
  &amp#27;[32mThen &amp#27;[0m&amp#27;[32mStatus code &amp#27;[0m&amp#27;[32m&amp#27;[1m200&amp#27;[0m&amp#27;[32m OK&amp#27;[0m                                                                       &amp#27;[90m# bengCall.user.ServiceVehicleStepdefs.statusCodeOK(int)&amp#27;[0m
  &amp#27;[32mAnd &amp#27;[0m&amp#27;[32mResponse service customer body should contain massage &amp#27;[0m&amp#27;[32m&amp#27;[1m"Success get spesific service type"&amp#27;[0m &amp#27;[90m# bengCall.user.ServiceVehicleStepdefs.responseBodyShouldContainMassageAndVehicleIdVehicleId(java.lang.String)&amp#27;[0m
  &amp#27;[32mAnd &amp#27;[0m&amp#27;[32mValidation get vehicle service with valid parameter id&amp#27;[0m                                    &amp#27;[90m# bengCall.user.ServiceVehicleStepdefs.validationGetVehicleServiceWithValidParameterId()&amp#27;[0m
00:21:09.764 [pool-2-thread-1] INFO  - 
  _____   ___   ___   _____     ___     _     ___   ___   ___   ___  
 |_   _| | __| / __| |_   _|   | _ \   /_\   / __| / __| | __| |   \ 
   | |   | _|  \__ \   | |     |  _/  / _ \  \__ \ \__ \ | _|  | |) |
   |_|   |___| |___/   |_|     |_|   /_/ \_\ |___/ |___/ |___| |___/ 

Get all vehicle service with valid parameter id
----------------------------------------------------------------------
]]></system-out>
  </testcase>
  <testcase name="Get all vehicle service with valid parameter id #3" classname="Service vehicle customer" time="0.191">
    <system-out><![CDATA[
@ServiceVehicleCustomer @GetServiceValidId
Scenario Outline: Get all vehicle service with valid parameter id                               &amp#27;[90m# features/Bengcall/User/ServiceVehiclesUser.feature:15&amp#27;[0m
00:21:09.773 [pool-2-thread-1] INFO io.cucumber.core.plugin.SerenityReporter - Running feature from classpath:features/Bengcall/User/ServiceVehiclesUser.feature
00:21:09.784 [pool-2-thread-1] DEBUG net.thucydides.core.steps.StepInterceptor - STARTING STEP: ServiceVehicleStepdefs.getAllVehicleServiceWithValidIdVehicleIdId - Get service vehicle customer with valid parameter id
00:21:09.785 [pool-2-thread-1] DEBUG net.thucydides.core.steps.StepInterceptor - STEP DONE: Get service vehicle customer with valid parameter id
  &amp#27;[32mGiven &amp#27;[0m&amp#27;[32mGet all vehicle service with valid id vehicle id &amp#27;[0m&amp#27;[32m&amp#27;[1m3&amp#27;[0m                                      &amp#27;[90m# bengCall.user.ServiceVehicleStepdefs.getAllVehicleServiceWithValidIdVehicleIdId(int)&amp#27;[0m
  &amp#27;[32mWhen &amp#27;[0m&amp#27;[32mSend request service&amp#27;[0m                                                                     &amp#27;[90m# bengCall.user.ServiceVehicleStepdefs.sendRequestService()&amp#27;[0m
  &amp#27;[32mThen &amp#27;[0m&amp#27;[32mStatus code &amp#27;[0m&amp#27;[32m&amp#27;[1m200&amp#27;[0m&amp#27;[32m OK&amp#27;[0m                                                                       &amp#27;[90m# bengCall.user.ServiceVehicleStepdefs.statusCodeOK(int)&amp#27;[0m
  &amp#27;[32mAnd &amp#27;[0m&amp#27;[32mResponse service customer body should contain massage &amp#27;[0m&amp#27;[32m&amp#27;[1m"Success get spesific service type"&amp#27;[0m &amp#27;[90m# bengCall.user.ServiceVehicleStepdefs.responseBodyShouldContainMassageAndVehicleIdVehicleId(java.lang.String)&amp#27;[0m
  &amp#27;[32mAnd &amp#27;[0m&amp#27;[32mValidation get vehicle service with valid parameter id&amp#27;[0m                                    &amp#27;[90m# bengCall.user.ServiceVehicleStepdefs.validationGetVehicleServiceWithValidParameterId()&amp#27;[0m
]]></system-out>
  </testcase>
  <testcase name="Get all Vehicle service with invalid parameter id #1" classname="Service vehicle customer" time="0.172">
    <system-out><![CDATA[
@ServiceVehicleCustomer @GetServiceInvalidId
Scenario Outline: Get all Vehicle service with invalid parameter id            &amp#27;[90m# features/Bengcall/User/ServiceVehiclesUser.feature:26&amp#27;[0m
00:21:09.962 [pool-2-thread-1] INFO io.cucumber.core.plugin.SerenityReporter - Running feature from classpath:features/Bengcall/User/ServiceVehiclesUser.feature
00:21:09.966 [pool-2-thread-1] INFO  - 
  _____   ___   ___   _____     ___   _____     _     ___   _____   ___   ___  
 |_   _| | __| / __| |_   _|   / __| |_   _|   /_\   | _ \ |_   _| | __| |   \ 
   | |   | _|  \__ \   | |     \__ \   | |    / _ \  |   /   | |   | _|  | |) |
   |_|   |___| |___/   |_|     |___/   |_|   /_/ \_\ |_|_\   |_|   |___| |___/ 

Get all Vehicle service with invalid parameter id(service-vehicle-customer;get-all-vehicle-service-with-invalid-parameter-id)
--------------------------------------------------------------------------------
00:21:09.981 [pool-2-thread-1] DEBUG net.thucydides.core.steps.StepInterceptor - STARTING STEP: ServiceVehicleStepdefs.getAllVehicleServiceWithInvalidIdVehicleIdId - Get service vehicle customer with invalid parameter id
00:21:09.983 [pool-2-thread-1] DEBUG net.thucydides.core.steps.StepInterceptor - STEP DONE: Get service vehicle customer with invalid parameter id
  &amp#27;[32mGiven &amp#27;[0m&amp#27;[32mGet all vehicle service with invalid id vehicle id &amp#27;[0m&amp#27;[32m&amp#27;[1m120&amp#27;[0m                 &amp#27;[90m# bengCall.user.ServiceVehicleStepdefs.getAllVehicleServiceWithInvalidIdVehicleIdId(int)&amp#27;[0m
  &amp#27;[32mWhen &amp#27;[0m&amp#27;[32mSend request invalid path service&amp#27;[0m                                       &amp#27;[90m# bengCall.user.ServiceVehicleStepdefs.sendRequestInvalidPathService()&amp#27;[0m
  &amp#27;[32mThen &amp#27;[0m&amp#27;[32mStatus code &amp#27;[0m&amp#27;[32m&amp#27;[1m500&amp#27;[0m&amp#27;[32m Internal Server Error&amp#27;[0m                                   &amp#27;[90m# bengCall.user.ServiceVehicleStepdefs.statusCodeInternalServerError(int)&amp#27;[0m
  &amp#27;[32mAnd &amp#27;[0m&amp#27;[32minvalid id Response customer body should contain massage &amp#27;[0m&amp#27;[32m&amp#27;[1m"There's no ID"&amp#27;[0m &amp#27;[90m# bengCall.user.ServiceVehicleStepdefs.invalidIdResponseCustomerBodyShouldContainMassage(java.lang.String)&amp#27;[0m
  &amp#27;[32mAnd &amp#27;[0m&amp#27;[32mValidation Get Vehicle service with invalid parameter id&amp#27;[0m                 &amp#27;[90m# bengCall.user.ServiceVehicleStepdefs.validationGetVehicleServiceWithInvalidParameterId()&amp#27;[0m
00:21:10.127 [pool-2-thread-1] INFO  - 
  _____   ___   ___   _____     ___     _     ___   ___   ___   ___  
 |_   _| | __| / __| |_   _|   | _ \   /_\   / __| / __| | __| |   \ 
   | |   | _|  \__ \   | |     |  _/  / _ \  \__ \ \__ \ | _|  | |) |
   |_|   |___| |___/   |_|     |_|   /_/ \_\ |___/ |___/ |___| |___/ 

Get all Vehicle service with invalid parameter id
----------------------------------------------------------------------
]]></system-out>
  </testcase>
  <testcase name="Get all Vehicle service with invalid parameter id #2" classname="Service vehicle customer" time="0.205">
    <system-out><![CDATA[
@ServiceVehicleCustomer @GetServiceInvalidId
Scenario Outline: Get all Vehicle service with invalid parameter id            &amp#27;[90m# features/Bengcall/User/ServiceVehiclesUser.feature:27&amp#27;[0m
00:21:10.135 [pool-2-thread-1] INFO io.cucumber.core.plugin.SerenityReporter - Running feature from classpath:features/Bengcall/User/ServiceVehiclesUser.feature
00:21:10.153 [pool-2-thread-1] DEBUG net.thucydides.core.steps.StepInterceptor - STARTING STEP: ServiceVehicleStepdefs.getAllVehicleServiceWithInvalidIdVehicleIdId - Get service vehicle customer with invalid parameter id
00:21:10.157 [pool-2-thread-1] DEBUG net.thucydides.core.steps.StepInterceptor - STEP DONE: Get service vehicle customer with invalid parameter id
  &amp#27;[32mGiven &amp#27;[0m&amp#27;[32mGet all vehicle service with invalid id vehicle id &amp#27;[0m&amp#27;[32m&amp#27;[1m130&amp#27;[0m                 &amp#27;[90m# bengCall.user.ServiceVehicleStepdefs.getAllVehicleServiceWithInvalidIdVehicleIdId(int)&amp#27;[0m
  &amp#27;[32mWhen &amp#27;[0m&amp#27;[32mSend request invalid path service&amp#27;[0m                                       &amp#27;[90m# bengCall.user.ServiceVehicleStepdefs.sendRequestInvalidPathService()&amp#27;[0m
  &amp#27;[32mThen &amp#27;[0m&amp#27;[32mStatus code &amp#27;[0m&amp#27;[32m&amp#27;[1m500&amp#27;[0m&amp#27;[32m Internal Server Error&amp#27;[0m                                   &amp#27;[90m# bengCall.user.ServiceVehicleStepdefs.statusCodeInternalServerError(int)&amp#27;[0m
  &amp#27;[32mAnd &amp#27;[0m&amp#27;[32minvalid id Response customer body should contain massage &amp#27;[0m&amp#27;[32m&amp#27;[1m"There's no ID"&amp#27;[0m &amp#27;[90m# bengCall.user.ServiceVehicleStepdefs.invalidIdResponseCustomerBodyShouldContainMassage(java.lang.String)&amp#27;[0m
  &amp#27;[32mAnd &amp#27;[0m&amp#27;[32mValidation Get Vehicle service with invalid parameter id&amp#27;[0m                 &amp#27;[90m# bengCall.user.ServiceVehicleStepdefs.validationGetVehicleServiceWithInvalidParameterId()&amp#27;[0m
00:21:10.333 [pool-2-thread-1] INFO  - 
  _____   ___   ___   _____     ___     _     ___   ___   ___   ___  
 |_   _| | __| / __| |_   _|   | _ \   /_\   / __| / __| | __| |   \ 
   | |   | _|  \__ \   | |     |  _/  / _ \  \__ \ \__ \ | _|  | |) |
   |_|   |___| |___/   |_|     |_|   /_/ \_\ |___/ |___/ |___| |___/ 

Get all Vehicle service with invalid parameter id
----------------------------------------------------------------------
]]></system-out>
  </testcase>
  <testcase name="Get all Vehicle service with invalid parameter id #3" classname="Service vehicle customer" time="0.18">
    <system-out><![CDATA[
@ServiceVehicleCustomer @GetServiceInvalidId
Scenario Outline: Get all Vehicle service with invalid parameter id            &amp#27;[90m# features/Bengcall/User/ServiceVehiclesUser.feature:28&amp#27;[0m
00:21:10.339 [pool-2-thread-1] INFO io.cucumber.core.plugin.SerenityReporter - Running feature from classpath:features/Bengcall/User/ServiceVehiclesUser.feature
00:21:10.350 [pool-2-thread-1] DEBUG net.thucydides.core.steps.StepInterceptor - STARTING STEP: ServiceVehicleStepdefs.getAllVehicleServiceWithInvalidIdVehicleIdId - Get service vehicle customer with invalid parameter id
00:21:10.351 [pool-2-thread-1] DEBUG net.thucydides.core.steps.StepInterceptor - STEP DONE: Get service vehicle customer with invalid parameter id
  &amp#27;[32mGiven &amp#27;[0m&amp#27;[32mGet all vehicle service with invalid id vehicle id &amp#27;[0m&amp#27;[32m&amp#27;[1m234&amp#27;[0m                 &amp#27;[90m# bengCall.user.ServiceVehicleStepdefs.getAllVehicleServiceWithInvalidIdVehicleIdId(int)&amp#27;[0m
  &amp#27;[32mWhen &amp#27;[0m&amp#27;[32mSend request invalid path service&amp#27;[0m                                       &amp#27;[90m# bengCall.user.ServiceVehicleStepdefs.sendRequestInvalidPathService()&amp#27;[0m
  &amp#27;[32mThen &amp#27;[0m&amp#27;[32mStatus code &amp#27;[0m&amp#27;[32m&amp#27;[1m500&amp#27;[0m&amp#27;[32m Internal Server Error&amp#27;[0m                                   &amp#27;[90m# bengCall.user.ServiceVehicleStepdefs.statusCodeInternalServerError(int)&amp#27;[0m
  &amp#27;[32mAnd &amp#27;[0m&amp#27;[32minvalid id Response customer body should contain massage &amp#27;[0m&amp#27;[32m&amp#27;[1m"There's no ID"&amp#27;[0m &amp#27;[90m# bengCall.user.ServiceVehicleStepdefs.invalidIdResponseCustomerBodyShouldContainMassage(java.lang.String)&amp#27;[0m
  &amp#27;[32mAnd &amp#27;[0m&amp#27;[32mValidation Get Vehicle service with invalid parameter id&amp#27;[0m                 &amp#27;[90m# bengCall.user.ServiceVehicleStepdefs.validationGetVehicleServiceWithInvalidParameterId()&amp#27;[0m
]]></system-out>
  </testcase>
  <testcase name="Get Vehicle service without id" classname="Service vehicle customer" time="0.18">
    <system-out><![CDATA[
@ServiceVehicleCustomer @GetServiceWithoutId
Scenario: Get Vehicle service without id                          &amp#27;[90m# features/Bengcall/User/ServiceVehiclesUser.feature:31&amp#27;[0m
00:21:10.520 [pool-2-thread-1] INFO io.cucumber.core.plugin.SerenityReporter - Running feature from classpath:features/Bengcall/User/ServiceVehiclesUser.feature
00:21:10.523 [pool-2-thread-1] INFO  - 
  _____   ___   ___   _____     ___   _____     _     ___   _____   ___   ___  
 |_   _| | __| / __| |_   _|   / __| |_   _|   /_\   | _ \ |_   _| | __| |   \ 
   | |   | _|  \__ \   | |     \__ \   | |    / _ \  |   /   | |   | _|  | |) |
   |_|   |___| |___/   |_|     |___/   |_|   /_/ \_\ |_|_\   |_|   |___| |___/ 

Get Vehicle service without id(service-vehicle-customer;get-vehicle-service-without-id)
--------------------------------------------------------------------------------
00:21:10.532 [pool-2-thread-1] DEBUG net.thucydides.core.steps.StepInterceptor - STARTING STEP: ServiceVehicleStepdefs.getVehicleServiceWithoutId - Get service vehicle customer without id
00:21:10.532 [pool-2-thread-1] DEBUG net.thucydides.core.steps.StepInterceptor - STEP DONE: Get service vehicle customer without id
  &amp#27;[32mGiven &amp#27;[0m&amp#27;[32mGet vehicle service Without id&amp#27;[0m                            &amp#27;[90m# bengCall.user.ServiceVehicleStepdefs.getVehicleServiceWithoutId()&amp#27;[0m
  &amp#27;[32mWhen &amp#27;[0m&amp#27;[32mSend path service without id&amp#27;[0m                               &amp#27;[90m# bengCall.user.ServiceVehicleStepdefs.sendPathServiceWithoutId()&amp#27;[0m
  &amp#27;[32mThen &amp#27;[0m&amp#27;[32mStatus code &amp#27;[0m&amp#27;[32m&amp#27;[1m404&amp#27;[0m&amp#27;[32m not found&amp#27;[0m                                  &amp#27;[90m# bengCall.admin.LoginAdminStepdefs.statusCodeNotFound(int)&amp#27;[0m
  &amp#27;[32mAnd &amp#27;[0m&amp#27;[32minvalid id Response body should contain massage &amp#27;[0m&amp#27;[32m&amp#27;[1m"Not Found"&amp#27;[0m &amp#27;[90m# bengCall.user.ServiceVehicleStepdefs.invalidIdResponseBodyShouldContainMassage(java.lang.String)&amp#27;[0m
  &amp#27;[32mAnd &amp#27;[0m&amp#27;[32mValidation Get Vehicle service without id&amp#27;[0m                   &amp#27;[90m# bengCall.user.ServiceVehicleStepdefs.validationGetVehicleServiceWithoutId()&amp#27;[0m
00:21:10.692 [pool-2-thread-1] INFO  - 
  _____   ___   ___   _____     ___     _     ___   ___   ___   ___  
 |_   _| | __| / __| |_   _|   | _ \   /_\   / __| / __| | __| |   \ 
   | |   | _|  \__ \   | |     |  _/  / _ \  \__ \ \__ \ | _|  | |) |
   |_|   |___| |___/   |_|     |_|   /_/ \_\ |___/ |___/ |___| |___/ 

Get Vehicle service without id
----------------------------------------------------------------------
]]></system-out>
  </testcase>
  <testcase name="Get vehicle service customer with invalid path" classname="Service vehicle customer" time="0.166">
    <system-out><![CDATA[
@ServiceVehicleCustomer @GetServiceWithInvalidPath
Scenario: Get vehicle service customer with invalid path            &amp#27;[90m# features/Bengcall/User/ServiceVehiclesUser.feature:39&amp#27;[0m
00:21:10.698 [pool-2-thread-1] INFO io.cucumber.core.plugin.SerenityReporter - Running feature from classpath:features/Bengcall/User/ServiceVehiclesUser.feature
00:21:10.701 [pool-2-thread-1] INFO  - 
  _____   ___   ___   _____     ___   _____     _     ___   _____   ___   ___  
 |_   _| | __| / __| |_   _|   / __| |_   _|   /_\   | _ \ |_   _| | __| |   \ 
   | |   | _|  \__ \   | |     \__ \   | |    / _ \  |   /   | |   | _|  | |) |
   |_|   |___| |___/   |_|     |___/   |_|   /_/ \_\ |_|_\   |_|   |___| |___/ 

Get vehicle service customer with invalid path(service-vehicle-customer;get-vehicle-service-customer-with-invalid-path)
--------------------------------------------------------------------------------
00:21:10.709 [pool-2-thread-1] DEBUG net.thucydides.core.steps.StepInterceptor - STARTING STEP: ServiceVehicleStepdefs.getVehicleServiceWithInvalidPath - Get service Vehicle with invalid path
00:21:10.711 [pool-2-thread-1] DEBUG net.thucydides.core.steps.StepInterceptor - STEP DONE: Get service Vehicle with invalid path
  &amp#27;[32mGiven &amp#27;[0m&amp#27;[32mget Vehicle service with invalid path and with id &amp#27;[0m&amp#27;[32m&amp#27;[1m1&amp#27;[0m         &amp#27;[90m# bengCall.user.ServiceVehicleStepdefs.getVehicleServiceWithInvalidPath(int)&amp#27;[0m
  &amp#27;[32mWhen &amp#27;[0m&amp#27;[32mSend invalid path&amp#27;[0m                                            &amp#27;[90m# bengCall.user.ServiceVehicleStepdefs.sendInvalidPath()&amp#27;[0m
  &amp#27;[32mThen &amp#27;[0m&amp#27;[32mStatus code &amp#27;[0m&amp#27;[32m&amp#27;[1m404&amp#27;[0m&amp#27;[32m not found&amp#27;[0m                                    &amp#27;[90m# bengCall.admin.LoginAdminStepdefs.statusCodeNotFound(int)&amp#27;[0m
  &amp#27;[32mAnd &amp#27;[0m&amp#27;[32minvalid path Response body should contain massage &amp#27;[0m&amp#27;[32m&amp#27;[1m"Not Found"&amp#27;[0m &amp#27;[90m# bengCall.admin.LoginAdminStepdefs.invalidPathResponseBodyShouldContainMassage(java.lang.String)&amp#27;[0m
  &amp#27;[32mAnd &amp#27;[0m&amp#27;[32mValidation Get vehicle service with invalid path&amp#27;[0m              &amp#27;[90m# bengCall.user.ServiceVehicleStepdefs.validationGetVehicleServiceWithInvalidPath()&amp#27;[0m
00:21:10.858 [pool-2-thread-1] INFO  - 
  _____   ___   ___   _____     ___     _     ___   ___   ___   ___  
 |_   _| | __| / __| |_   _|   | _ \   /_\   / __| / __| | __| |   \ 
   | |   | _|  \__ \   | |     |  _/  / _ \  \__ \ \__ \ | _|  | |) |
   |_|   |___| |___/   |_|     |_|   /_/ \_\ |___/ |___/ |___| |___/ 

Get vehicle service customer with invalid path
----------------------------------------------------------------------
]]></system-out>
  </testcase>
  <testcase name="Get vehicle service customer with invalid token" classname="Service vehicle customer" time="0.166">
    <system-out><![CDATA[
@ServiceVehicleCustomer @GetServiceWithInvalidToken
Scenario: Get vehicle service customer with invalid token                         &amp#27;[90m# features/Bengcall/User/ServiceVehiclesUser.feature:47&amp#27;[0m
00:21:10.865 [pool-2-thread-1] INFO io.cucumber.core.plugin.SerenityReporter - Running feature from classpath:features/Bengcall/User/ServiceVehiclesUser.feature
00:21:10.868 [pool-2-thread-1] INFO  - 
  _____   ___   ___   _____     ___   _____     _     ___   _____   ___   ___  
 |_   _| | __| / __| |_   _|   / __| |_   _|   /_\   | _ \ |_   _| | __| |   \ 
   | |   | _|  \__ \   | |     \__ \   | |    / _ \  |   /   | |   | _|  | |) |
   |_|   |___| |___/   |_|     |___/   |_|   /_/ \_\ |_|_\   |_|   |___| |___/ 

Get vehicle service customer with invalid token(service-vehicle-customer;get-vehicle-service-customer-with-invalid-token)
--------------------------------------------------------------------------------
00:21:10.878 [pool-2-thread-1] DEBUG net.thucydides.core.steps.StepInterceptor - STARTING STEP: ServiceVehicleStepdefs.vehicleServiceIdWithIdAndInvalidToken - Get Service vehicle customer with invalid token
00:21:10.879 [pool-2-thread-1] DEBUG net.thucydides.core.steps.StepInterceptor - STEP DONE: Get Service vehicle customer with invalid token
  &amp#27;[32mGiven &amp#27;[0m&amp#27;[32mVehicle service id with id &amp#27;[0m&amp#27;[32m&amp#27;[1m1&amp#27;[0m&amp#27;[32m and invalid token&amp#27;[0m                            &amp#27;[90m# bengCall.user.ServiceVehicleStepdefs.vehicleServiceIdWithIdAndInvalidToken(int)&amp#27;[0m
  &amp#27;[32mWhen &amp#27;[0m&amp#27;[32mSend request service&amp#27;[0m                                                       &amp#27;[90m# bengCall.user.ServiceVehicleStepdefs.sendRequestService()&amp#27;[0m
  &amp#27;[32mThen &amp#27;[0m&amp#27;[32mStatus code &amp#27;[0m&amp#27;[32m&amp#27;[1m401&amp#27;[0m&amp#27;[32m Unauthorized&amp#27;[0m                                               &amp#27;[90m# bengCall.user.ServiceVehicleStepdefs.statusCodeUnauthorized(int)&amp#27;[0m
  &amp#27;[32mAnd &amp#27;[0m&amp#27;[32minvalid token response body should contain massage &amp#27;[0m&amp#27;[32m&amp#27;[1m"invalid or expired jwt"&amp#27;[0m &amp#27;[90m# bengCall.user.ServiceVehicleStepdefs.invalidTokenResponseBodyShouldContainMassage(java.lang.String)&amp#27;[0m
  &amp#27;[32mAnd &amp#27;[0m&amp#27;[32mValidation Get Vehicle service with invalid token&amp#27;[0m                           &amp#27;[90m# bengCall.user.ServiceVehicleStepdefs.validationGetVehicleServiceWithInvalidToken()&amp#27;[0m
00:21:11.024 [pool-2-thread-1] INFO  - 
  _____   ___   ___   _____     ___     _     ___   ___   ___   ___  
 |_   _| | __| / __| |_   _|   | _ \   /_\   / __| / __| | __| |   \ 
   | |   | _|  \__ \   | |     |  _/  / _ \  \__ \ \__ \ | _|  | |) |
   |_|   |___| |___/   |_|     |_|   /_/ \_\ |___/ |___/ |___| |___/ 

Get vehicle service customer with invalid token
----------------------------------------------------------------------
]]></system-out>
  </testcase>
</testsuite>