<?xml version="1.0" encoding="UTF-8"?>
<testsuite xmlns:xsi="http://www.w3.org/2001/XMLSchema-instance" xsi:noNamespaceSchemaLocation="https://maven.apache.org/surefire/maven-failsafe-plugin/xsd/failsafe-test-report-3.0.xsd" version="3.0" name="Service vehicle customer" time="1.642" tests="9" errors="0" skipped="0" failures="0">
  <properties>
[...]
</properties>
  <testcase name="Get all vehicle service with valid parameter id #1" classname="Service vehicle customer" time="0.319">
    <system-out><![CDATA[

14
 Scenarios (
&amp#27;[32m14 passed&amp#27;[0m
)


70
 Steps (
&amp#27;[32m70 passed&amp#27;[0m
)


0m
11.904s






07:15:22.126 [pool-2-thread-1] DEBUG net.thucydides.core.reports.ReportService - Reporting formats: [JSON, HTML]

07:15:22.201 [pool-2-thread-1] DEBUG net.thucydides.core.reports.ReportService - Reporting formats: [JSON, HTML]

07:15:22.218 [pool-2-thread-1] DEBUG net.thucydides.core.reports.ReportService - Generating reports for 10 test outcomes using: net.thucydides.core.reports.json.JSONTestOutcomeReporter@4b06b369

07:15:22.219 [pool-3-thread-1] DEBUG net.thucydides.core.reports.ReportService - Processing test outcome Login admin Feature testing:Login Admin with valid email and password

07:15:22.220 [pool-3-thread-4] DEBUG net.thucydides.core.reports.ReportService - Processing test outcome Login admin Feature testing:Login Admin Without Email

07:15:22.220 [pool-3-thread-7] DEBUG net.thucydides.core.reports.ReportService - Processing test outcome Service vehicle customer:Get all Vehicle service with invalid parameter id

07:15:22.220 [pool-3-thread-7] INFO net.thucydides.core.reports.ReportService - net.thucydides.core.reports.json.JSONTestOutcomeReporter@4b06b369: Generating report for test outcome: Service vehicle customer:Get all Vehicle service with invalid parameter id

07:15:22.220 [pool-3-thread-3] DEBUG net.thucydides.core.reports.ReportService - Processing test outcome Login admin Feature testing:Login Admin With Invalid path

07:15:22.220 [pool-3-thread-5] DEBUG net.thucydides.core.reports.ReportService - Processing test outcome Login admin Feature testing:Login admin Without Password

07:15:22.219 [pool-3-thread-2] DEBUG net.thucydides.core.reports.ReportService - Processing test outcome Login admin Feature testing:Login Admin with invalid email and password

07:15:22.220 [pool-3-thread-1] INFO net.thucydides.core.reports.ReportService - net.thucydides.core.reports.json.JSONTestOutcomeReporter@4b06b369: Generating report for test outcome: Login admin Feature testing:Login Admin with valid email and password

07:15:22.220 [pool-3-thread-6] DEBUG net.thucydides.core.reports.ReportService - Processing test outcome Service vehicle customer:Get all vehicle service with valid parameter id

07:15:22.220 [pool-3-thread-8] DEBUG net.thucydides.core.reports.ReportService - Processing test outcome Service vehicle customer:Get Vehicle service without id

07:15:22.220 [pool-3-thread-4] INFO net.thucydides.core.reports.ReportService - net.thucydides.core.reports.json.JSONTestOutcomeReporter@4b06b369: Generating report for test outcome: Login admin Feature testing:Login Admin Without Email

07:15:22.220 [pool-3-thread-3] INFO net.thucydides.core.reports.ReportService - net.thucydides.core.reports.json.JSONTestOutcomeReporter@4b06b369: Generating report for test outcome: Login admin Feature testing:Login Admin With Invalid path

07:15:22.220 [pool-3-thread-5] INFO net.thucydides.core.reports.ReportService - net.thucydides.core.reports.json.JSONTestOutcomeReporter@4b06b369: Generating report for test outcome: Login admin Feature testing:Login admin Without Password

07:15:22.220 [pool-3-thread-2] INFO net.thucydides.core.reports.ReportService - net.thucydides.core.reports.json.JSONTestOutcomeReporter@4b06b369: Generating report for test outcome: Login admin Feature testing:Login Admin with invalid email and password

07:15:22.221 [pool-3-thread-6] INFO net.thucydides.core.reports.ReportService - net.thucydides.core.reports.json.JSONTestOutcomeReporter@4b06b369: Generating report for test outcome: Service vehicle customer:Get all vehicle service with valid parameter id

07:15:22.221 [pool-3-thread-8] INFO net.thucydides.core.reports.ReportService - net.thucydides.core.reports.json.JSONTestOutcomeReporter@4b06b369: Generating report for test outcome: Service vehicle customer:Get Vehicle service without id

07:15:22.234 [pool-3-thread-5] DEBUG net.thucydides.core.reports.json.JSONTestOutcomeReporter - Generating JSON report for Login admin Without Password to file C:\Users\syawa\API-Automate\target\site\serenity\6ea875f397e3a87e2695d2fdde2e7d91e6fc67d9478dd3d293e56f8ba1adf043.json (using temp file C:\Users\syawa\API-Automate\target\site\serenity\6ea875f397e3a87e2695d2fdde2e7d91e6fc67d9478dd3d293e56f8ba1adf043.json9d1a20c7-f6f0-450d-8575-f1dbd3bb5a6b)

07:15:22.234 [pool-3-thread-7] DEBUG net.thucydides.core.reports.json.JSONTestOutcomeReporter - Generating JSON report for Get all Vehicle service with invalid parameter id to file C:\Users\syawa\API-Automate\target\site\serenity\80da72096313fe96dfc7dd10250301c81f29a8a8fdb41eef94cb8f8efdb535f7.json (using temp file C:\Users\syawa\API-Automate\target\site\serenity\80da72096313fe96dfc7dd10250301c81f29a8a8fdb41eef94cb8f8efdb535f7.json5fdab522-1703-4092-9130-d9f6be35565e)

07:15:22.234 [pool-3-thread-3] DEBUG net.thucydides.core.reports.json.JSONTestOutcomeReporter - Generating JSON report for Login Admin With Invalid path to file C:\Users\syawa\API-Automate\target\site\serenity\4de04a11f425462b846f9e7dc3e7155188e6e4eddf32446b57b6873131a5edb2.json (using temp file C:\Users\syawa\API-Automate\target\site\serenity\4de04a11f425462b846f9e7dc3e7155188e6e4eddf32446b57b6873131a5edb2.json446e7227-45e3-4b3f-8a1b-34c1ed184f73)

07:15:22.234 [pool-3-thread-8] DEBUG net.thucydides.core.reports.json.JSONTestOutcomeReporter - Generating JSON report for Get Vehicle service without id to file C:\Users\syawa\API-Automate\target\site\serenity\b4253d05fc152eca07045f09493a78864415aa350c8d20468bce3ba89f2abec0.json (using temp file C:\Users\syawa\API-Automate\target\site\serenity\b4253d05fc152eca07045f09493a78864415aa350c8d20468bce3ba89f2abec0.json4e5ec4f1-2005-40d9-a85f-de0a113f0e59)

07:15:22.234 [pool-3-thread-4] DEBUG net.thucydides.core.reports.json.JSONTestOutcomeReporter - Generating JSON report for Login Admin Without Email to file C:\Users\syawa\API-Automate\target\site\serenity\83c9b53c8f5ce34d15b4f2f34d166d8f59bb1683964fd2bd9bc145a3e5cbe0e8.json (using temp file C:\Users\syawa\API-Automate\target\site\serenity\83c9b53c8f5ce34d15b4f2f34d166d8f59bb1683964fd2bd9bc145a3e5cbe0e8.jsonf5f4c876-1b54-4d44-a7c4-9b206fbf738d)

07:15:22.235 [pool-3-thread-6] DEBUG net.thucydides.core.reports.json.JSONTestOutcomeReporter - Generating JSON report for Get all vehicle service with valid parameter id to file C:\Users\syawa\API-Automate\target\site\serenity\a3cacb694d12629372cf1b4fbc1f2b58e6a3e5431dcf01f2f0bfa3cc9559394f.json (using temp file C:\Users\syawa\API-Automate\target\site\serenity\a3cacb694d12629372cf1b4fbc1f2b58e6a3e5431dcf01f2f0bfa3cc9559394f.json2d533951-64d5-409c-ac50-ea317a65ad4e)

07:15:22.235 [pool-3-thread-1] DEBUG net.thucydides.core.reports.json.JSONTestOutcomeReporter - Generating JSON report for Login Admin with valid email and password to file C:\Users\syawa\API-Automate\target\site\serenity\11835b7c0977ff4d9ad4eb4f3271a9d5bfb1845b8884c77f7127031411c6ce15.json (using temp file C:\Users\syawa\API-Automate\target\site\serenity\11835b7c0977ff4d9ad4eb4f3271a9d5bfb1845b8884c77f7127031411c6ce15.json00d13cfe-301b-4dbe-a3ef-91e018500c99)

07:15:22.235 [pool-3-thread-2] DEBUG net.thucydides.core.reports.json.JSONTestOutcomeReporter - Generating JSON report for Login Admin with invalid email and password to file C:\Users\syawa\API-Automate\target\site\serenity\e8934c2f025c0198248d272923abf1de4d1e83dbcfef4a22bfc95463609cb232.json (using temp file C:\Users\syawa\API-Automate\target\site\serenity\e8934c2f025c0198248d272923abf1de4d1e83dbcfef4a22bfc95463609cb232.json7c65a6d4-08c3-4307-9e3a-85af1b63aa57)

07:15:22.286 [pool-3-thread-4] DEBUG net.thucydides.core.reports.ReportService - Processing test outcome Login admin Feature testing:Login Admin Without Email done

07:15:22.286 [pool-3-thread-2] DEBUG net.thucydides.core.reports.ReportService - Processing test outcome Login admin Feature testing:Login Admin with invalid email and password done

07:15:22.286 [pool-3-thread-5] DEBUG net.thucydides.core.reports.ReportService - Processing test outcome Login admin Feature testing:Login admin Without Password done

07:15:22.286 [pool-3-thread-4] DEBUG net.thucydides.core.reports.ReportService - Processing test outcome Service vehicle customer:Get vehicle service customer with invalid path

07:15:22.286 [pool-3-thread-2] DEBUG net.thucydides.core.reports.ReportService - Processing test outcome Service vehicle customer:Get vehicle service customer with invalid token

07:15:22.286 [pool-3-thread-4] INFO net.thucydides.core.reports.ReportService - net.thucydides.core.reports.json.JSONTestOutcomeReporter@4b06b369: Generating report for test outcome: Service vehicle customer:Get vehicle service customer with invalid path

07:15:22.287 [pool-3-thread-2] INFO net.thucydides.core.reports.ReportService - net.thucydides.core.reports.json.JSONTestOutcomeReporter@4b06b369: Generating report for test outcome: Service vehicle customer:Get vehicle service customer with invalid token

07:15:22.287 [pool-3-thread-8] DEBUG net.thucydides.core.reports.ReportService - Processing test outcome Service vehicle customer:Get Vehicle service without id done

07:15:22.287 [pool-3-thread-1] DEBUG net.thucydides.core.reports.ReportService - Processing test outcome Login admin Feature testing:Login Admin with valid email and password done

07:15:22.288 [pool-3-thread-2] DEBUG net.thucydides.core.reports.json.JSONTestOutcomeReporter - Generating JSON report for Get vehicle service customer with invalid token to file C:\Users\syawa\API-Automate\target\site\serenity\805c6e250cc5e95ad3abc3699f7edac9f66e69bf3f36c1d92b20e96da4f61279.json (using temp file C:\Users\syawa\API-Automate\target\site\serenity\805c6e250cc5e95ad3abc3699f7edac9f66e69bf3f36c1d92b20e96da4f61279.jsonc5585b05-b537-4d09-8917-f4e564284517)

07:15:22.288 [pool-3-thread-4] DEBUG net.thucydides.core.reports.json.JSONTestOutcomeReporter - Generating JSON report for Get vehicle service customer with invalid path to file C:\Users\syawa\API-Automate\target\site\serenity\c5024a99877ac58d43604494974d9b402e09a5ee7bc6cac523d35367431d8cb0.json (using temp file C:\Users\syawa\API-Automate\target\site\serenity\c5024a99877ac58d43604494974d9b402e09a5ee7bc6cac523d35367431d8cb0.json0fbb3bba-4050-4374-9e58-7884a0b550f0)

07:15:22.288 [pool-3-thread-3] DEBUG net.thucydides.core.reports.ReportService - Processing test outcome Login admin Feature testing:Login Admin With Invalid path done

07:15:22.292 [pool-3-thread-7] DEBUG net.thucydides.core.reports.ReportService - Processing test outcome Service vehicle customer:Get all Vehicle service with invalid parameter id done

07:15:22.293 [pool-3-thread-6] DEBUG net.thucydides.core.reports.ReportService - Processing test outcome Service vehicle customer:Get all vehicle service with valid parameter id done

07:15:22.294 [pool-3-thread-4] DEBUG net.thucydides.core.reports.ReportService - Processing test outcome Service vehicle customer:Get vehicle service customer with invalid path done

07:15:22.294 [pool-3-thread-2] DEBUG net.thucydides.core.reports.ReportService - Processing test outcome Service vehicle customer:Get vehicle service customer with invalid token done

07:15:22.294 [pool-2-thread-1] DEBUG net.thucydides.core.reports.ReportService - Shutting down executor service

07:15:22.295 [pool-2-thread-1] DEBUG net.thucydides.core.reports.ReportService - Reports generated in: 77 ms

07:15:22.295 [pool-2-thread-1] DEBUG net.thucydides.core.reports.ReportService - Generating reports for 10 test outcomes using: net.thucydides.core.reports.html.HtmlAcceptanceTestReporter@4a10db4d

07:15:22.295 [pool-4-thread-1] DEBUG net.thucydides.core.reports.ReportService - Processing test outcome Login admin Feature testing:Login Admin with valid email and password

07:15:22.296 [pool-4-thread-2] DEBUG net.thucydides.core.reports.ReportService - Processing test outcome Login admin Feature testing:Login Admin with invalid email and password

07:15:22.296 [pool-4-thread-3] DEBUG net.thucydides.core.reports.ReportService - Processing test outcome Login admin Feature testing:Login Admin With Invalid path

07:15:22.296 [pool-4-thread-5] DEBUG net.thucydides.core.reports.ReportService - Processing test outcome Login admin Feature testing:Login admin Without Password

07:15:22.296 [pool-4-thread-1] INFO net.thucydides.core.reports.ReportService - net.thucydides.core.reports.html.HtmlAcceptanceTestReporter@4a10db4d: Generating report for test outcome: Login admin Feature testing:Login Admin with valid email and password

07:15:22.296 [pool-4-thread-5] INFO net.thucydides.core.reports.ReportService - net.thucydides.core.reports.html.HtmlAcceptanceTestReporter@4a10db4d: Generating report for test outcome: Login admin Feature testing:Login admin Without Password

07:15:22.296 [pool-4-thread-2] INFO net.thucydides.core.reports.ReportService - net.thucydides.core.reports.html.HtmlAcceptanceTestReporter@4a10db4d: Generating report for test outcome: Login admin Feature testing:Login Admin with invalid email and password

07:15:22.296 [pool-4-thread-4] DEBUG net.thucydides.core.reports.ReportService - Processing test outcome Login admin Feature testing:Login Admin Without Email

07:15:22.298 [pool-4-thread-4] INFO net.thucydides.core.reports.ReportService - net.thucydides.core.reports.html.HtmlAcceptanceTestReporter@4a10db4d: Generating report for test outcome: Login admin Feature testing:Login Admin Without Email

07:15:22.298 [pool-4-thread-8] DEBUG net.thucydides.core.reports.ReportService - Processing test outcome Service vehicle customer:Get Vehicle service without id

07:15:22.298 [pool-4-thread-8] INFO net.thucydides.core.reports.ReportService - net.thucydides.core.reports.html.HtmlAcceptanceTestReporter@4a10db4d: Generating report for test outcome: Service vehicle customer:Get Vehicle service without id

07:15:22.296 [pool-4-thread-3] INFO net.thucydides.core.reports.ReportService - net.thucydides.core.reports.html.HtmlAcceptanceTestReporter@4a10db4d: Generating report for test outcome: Login admin Feature testing:Login Admin With Invalid path

07:15:22.297 [pool-4-thread-6] DEBUG net.thucydides.core.reports.ReportService - Processing test outcome Service vehicle customer:Get all vehicle service with valid parameter id

07:15:22.298 [pool-4-thread-7] DEBUG net.thucydides.core.reports.ReportService - Processing test outcome Service vehicle customer:Get all Vehicle service with invalid parameter id

07:15:22.299 [pool-4-thread-6] INFO net.thucydides.core.reports.ReportService - net.thucydides.core.reports.html.HtmlAcceptanceTestReporter@4a10db4d: Generating report for test outcome: Service vehicle customer:Get all vehicle service with valid parameter id

07:15:22.299 [pool-4-thread-7] INFO net.thucydides.core.reports.ReportService - net.thucydides.core.reports.html.HtmlAcceptanceTestReporter@4a10db4d: Generating report for test outcome: Service vehicle customer:Get all Vehicle service with invalid parameter id

07:15:22.397 [pool-4-thread-8] DEBUG net.thucydides.core.requirements.model.cucumber.CucumberParser - Added feature Login admin Feature testing

07:15:22.397 [pool-4-thread-2] DEBUG net.thucydides.core.requirements.model.cucumber.CucumberParser - Added feature Login admin Feature testing

07:15:22.398 [pool-4-thread-6] DEBUG net.thucydides.core.requirements.model.cucumber.CucumberParser - Added feature Login admin Feature testing

07:15:22.398 [pool-4-thread-7] DEBUG net.thucydides.core.requirements.model.cucumber.CucumberParser - Added feature Login admin Feature testing

07:15:22.398 [pool-4-thread-4] DEBUG net.thucydides.core.requirements.model.cucumber.CucumberParser - Added feature Login admin Feature testing

07:15:22.400 [pool-4-thread-1] DEBUG net.thucydides.core.requirements.model.cucumber.CucumberParser - Added feature Login admin Feature testing

07:15:22.400 [pool-4-thread-5] DEBUG net.thucydides.core.requirements.model.cucumber.CucumberParser - Added feature Login admin Feature testing

07:15:22.427 [pool-4-thread-4] DEBUG net.thucydides.core.requirements.model.cucumber.CucumberParser - Added feature Service vehicle customer

07:15:22.428 [pool-4-thread-5] DEBUG net.thucydides.core.requirements.model.cucumber.CucumberParser - Added feature Service vehicle customer

07:15:22.429 [pool-4-thread-7] DEBUG net.thucydides.core.requirements.model.cucumber.CucumberParser - Added feature Service vehicle customer

07:15:22.430 [pool-4-thread-2] DEBUG net.thucydides.core.requirements.model.cucumber.CucumberParser - Added feature Service vehicle customer

07:15:22.431 [pool-4-thread-1] DEBUG net.thucydides.core.requirements.model.cucumber.CucumberParser - Added feature Service vehicle customer

07:15:22.432 [pool-4-thread-8] DEBUG net.thucydides.core.requirements.model.cucumber.CucumberParser - Added feature Service vehicle customer

07:15:22.435 [pool-4-thread-6] DEBUG net.thucydides.core.requirements.model.cucumber.CucumberParser - Added feature Service vehicle customer

07:15:22.446 [pool-4-thread-7] DEBUG net.thucydides.core.requirements.BaseRequirementsService - Requirement found for test outcome Get all Vehicle service with invalid parameter id-[]: Optional[Requirement{name='Service vehicle customer', type='feature' parent = 'User', cardNumber='null'}]

07:15:22.446 [pool-4-thread-5] DEBUG net.thucydides.core.requirements.BaseRequirementsService - Requirement found for test outcome Login admin Without Password-[]: Optional[Requirement{name='Login admin Feature testing', type='feature' parent = 'Admin', cardNumber='null'}]

07:15:22.446 [pool-4-thread-6] DEBUG net.thucydides.core.requirements.BaseRequirementsService - Requirement found for test outcome Get all vehicle service with valid parameter id-[]: Optional[Requirement{name='Service vehicle customer', type='feature' parent = 'User', cardNumber='null'}]

07:15:22.446 [pool-4-thread-3] DEBUG net.thucydides.core.requirements.BaseRequirementsService - Requirement found for test outcome Login Admin With Invalid path-[]: Optional[Requirement{name='Login admin Feature testing', type='feature' parent = 'Admin', cardNumber='null'}]

07:15:22.446 [pool-4-thread-2] DEBUG net.thucydides.core.requirements.BaseRequirementsService - Requirement found for test outcome Login Admin with invalid email and password-[]: Optional[Requirement{name='Login admin Feature testing', type='feature' parent = 'Admin', cardNumber='null'}]

07:15:22.446 [pool-4-thread-1] DEBUG net.thucydides.core.requirements.BaseRequirementsService - Requirement found for test outcome Login Admin with valid email and password-[]: Optional[Requirement{name='Login admin Feature testing', type='feature' parent = 'Admin', cardNumber='null'}]

07:15:22.446 [pool-4-thread-4] DEBUG net.thucydides.core.requirements.BaseRequirementsService - Requirement found for test outcome Login Admin Without Email-[]: Optional[Requirement{name='Login admin Feature testing', type='feature' parent = 'Admin', cardNumber='null'}]

07:15:22.446 [pool-4-thread-8] DEBUG net.thucydides.core.requirements.BaseRequirementsService - Requirement found for test outcome Get Vehicle service without id-[]: Optional[Requirement{name='Service vehicle customer', type='feature' parent = 'User', cardNumber='null'}]

07:15:22.449 [pool-4-thread-7] DEBUG net.thucydides.core.requirements.BaseRequirementsService - Requirement found for test outcome Get all Vehicle service with invalid parameter id-[]: Optional[Requirement{name='Service vehicle customer', type='feature' parent = 'User', cardNumber='null'}]

07:15:22.449 [pool-4-thread-3] DEBUG net.thucydides.core.requirements.BaseRequirementsService - Requirement found for test outcome Login Admin With Invalid path-[]: Optional[Requirement{name='Login admin Feature testing', type='feature' parent = 'Admin', cardNumber='null'}]

07:15:22.449 [pool-4-thread-1] DEBUG net.thucydides.core.requirements.BaseRequirementsService - Requirement found for test outcome Login Admin with valid email and password-[]: Optional[Requirement{name='Login admin Feature testing', type='feature' parent = 'Admin', cardNumber='null'}]

07:15:22.449 [pool-4-thread-8] DEBUG net.thucydides.core.requirements.BaseRequirementsService - Requirement found for test outcome Get Vehicle service without id-[]: Optional[Requirement{name='Service vehicle customer', type='feature' parent = 'User', cardNumber='null'}]

07:15:22.451 [pool-4-thread-4] DEBUG net.thucydides.core.requirements.BaseRequirementsService - Requirement found for test outcome Login Admin Without Email-[]: Optional[Requirement{name='Login admin Feature testing', type='feature' parent = 'Admin', cardNumber='null'}]

07:15:22.449 [pool-4-thread-6] DEBUG net.thucydides.core.requirements.BaseRequirementsService - Requirement found for test outcome Get all vehicle service with valid parameter id-[]: Optional[Requirement{name='Service vehicle customer', type='feature' parent = 'User', cardNumber='null'}]

07:15:22.449 [pool-4-thread-5] DEBUG net.thucydides.core.requirements.BaseRequirementsService - Requirement found for test outcome Login admin Without Password-[]: Optional[Requirement{name='Login admin Feature testing', type='feature' parent = 'Admin', cardNumber='null'}]

07:15:22.450 [pool-4-thread-2] DEBUG net.thucydides.core.requirements.BaseRequirementsService - Requirement found for test outcome Login Admin with invalid email and password-[]: Optional[Requirement{name='Login admin Feature testing', type='feature' parent = 'Admin', cardNumber='null'}]

07:15:23.767 [pool-4-thread-5] DEBUG serenity.reporting - Generating report in 6ea875f397e3a87e2695d2fdde2e7d91e6fc67d9478dd3d293e56f8ba1adf043.html

07:15:23.767 [pool-4-thread-3] DEBUG serenity.reporting - Generating report in 4de04a11f425462b846f9e7dc3e7155188e6e4eddf32446b57b6873131a5edb2.html

07:15:23.767 [pool-4-thread-2] DEBUG serenity.reporting - Generating report in e8934c2f025c0198248d272923abf1de4d1e83dbcfef4a22bfc95463609cb232.html

07:15:23.767 [pool-4-thread-8] DEBUG serenity.reporting - Generating report in b4253d05fc152eca07045f09493a78864415aa350c8d20468bce3ba89f2abec0.html

07:15:23.767 [pool-4-thread-6] DEBUG serenity.reporting - Generating report in a3cacb694d12629372cf1b4fbc1f2b58e6a3e5431dcf01f2f0bfa3cc9559394f.html

07:15:23.767 [pool-4-thread-1] DEBUG serenity.reporting - Generating report in 11835b7c0977ff4d9ad4eb4f3271a9d5bfb1845b8884c77f7127031411c6ce15.html

07:15:23.767 [pool-4-thread-7] DEBUG serenity.reporting - Generating report in 80da72096313fe96dfc7dd10250301c81f29a8a8fdb41eef94cb8f8efdb535f7.html

07:15:23.767 [pool-4-thread-4] DEBUG serenity.reporting - Generating report in 83c9b53c8f5ce34d15b4f2f34d166d8f59bb1683964fd2bd9bc145a3e5cbe0e8.html

07:15:24.344 [pool-4-thread-5] DEBUG serenity.reporting - Generated report 6ea875f397e3a87e2695d2fdde2e7d91e6fc67d9478dd3d293e56f8ba1adf043.html in 577 ms

07:15:24.344 [pool-4-thread-2] DEBUG serenity.reporting - Generated report e8934c2f025c0198248d272923abf1de4d1e83dbcfef4a22bfc95463609cb232.html in 577 ms

07:15:24.344 [pool-4-thread-2] DEBUG net.thucydides.core.reports.ReportService - Processing test outcome Login admin Feature testing:Login Admin with invalid email and password done

07:15:24.344 [pool-4-thread-5] DEBUG net.thucydides.core.reports.ReportService - Processing test outcome Login admin Feature testing:Login admin Without Password done

07:15:24.344 [pool-4-thread-2] DEBUG net.thucydides.core.reports.ReportService - Processing test outcome Service vehicle customer:Get vehicle service customer with invalid path

07:15:24.344 [pool-4-thread-5] DEBUG net.thucydides.core.reports.ReportService - Processing test outcome Service vehicle customer:Get vehicle service customer with invalid token

07:15:24.344 [pool-4-thread-2] INFO net.thucydides.core.reports.ReportService - net.thucydides.core.reports.html.HtmlAcceptanceTestReporter@4a10db4d: Generating report for test outcome: Service vehicle customer:Get vehicle service customer with invalid path

07:15:24.344 [pool-4-thread-5] INFO net.thucydides.core.reports.ReportService - net.thucydides.core.reports.html.HtmlAcceptanceTestReporter@4a10db4d: Generating report for test outcome: Service vehicle customer:Get vehicle service customer with invalid token

07:15:24.345 [pool-4-thread-4] DEBUG serenity.reporting - Generated report 83c9b53c8f5ce34d15b4f2f34d166d8f59bb1683964fd2bd9bc145a3e5cbe0e8.html in 578 ms

07:15:24.345 [pool-4-thread-4] DEBUG net.thucydides.core.reports.ReportService - Processing test outcome Login admin Feature testing:Login Admin Without Email done

07:15:24.345 [pool-4-thread-1] DEBUG serenity.reporting - Generated report 11835b7c0977ff4d9ad4eb4f3271a9d5bfb1845b8884c77f7127031411c6ce15.html in 578 ms

07:15:24.346 [pool-4-thread-1] DEBUG net.thucydides.core.reports.ReportService - Processing test outcome Login admin Feature testing:Login Admin with valid email and password done

07:15:24.346 [pool-4-thread-2] DEBUG net.thucydides.core.requirements.BaseRequirementsService - Requirement found for test outcome Get vehicle service customer with invalid path-[]: Optional[Requirement{name='Service vehicle customer', type='feature' parent = 'User', cardNumber='null'}]

07:15:24.346 [pool-4-thread-5] DEBUG net.thucydides.core.requirements.BaseRequirementsService - Requirement found for test outcome Get vehicle service customer with invalid token-[]: Optional[Requirement{name='Service vehicle customer', type='feature' parent = 'User', cardNumber='null'}]

07:15:24.346 [pool-4-thread-3] DEBUG serenity.reporting - Generated report 4de04a11f425462b846f9e7dc3e7155188e6e4eddf32446b57b6873131a5edb2.html in 579 ms

07:15:24.346 [pool-4-thread-3] DEBUG net.thucydides.core.reports.ReportService - Processing test outcome Login admin Feature testing:Login Admin With Invalid path done

07:15:24.347 [pool-4-thread-8] DEBUG serenity.reporting - Generated report b4253d05fc152eca07045f09493a78864415aa350c8d20468bce3ba89f2abec0.html in 580 ms

07:15:24.347 [pool-4-thread-8] DEBUG net.thucydides.core.reports.ReportService - Processing test outcome Service vehicle customer:Get Vehicle service without id done

07:15:24.347 [pool-4-thread-2] DEBUG net.thucydides.core.requirements.BaseRequirementsService - Requirement found for test outcome Get vehicle service customer with invalid path-[]: Optional[Requirement{name='Service vehicle customer', type='feature' parent = 'User', cardNumber='null'}]

07:15:24.347 [pool-4-thread-5] DEBUG net.thucydides.core.requirements.BaseRequirementsService - Requirement found for test outcome Get vehicle service customer with invalid token-[]: Optional[Requirement{name='Service vehicle customer', type='feature' parent = 'User', cardNumber='null'}]

07:15:24.349 [pool-4-thread-5] DEBUG serenity.reporting - Generating report in 805c6e250cc5e95ad3abc3699f7edac9f66e69bf3f36c1d92b20e96da4f61279.html

07:15:24.349 [pool-4-thread-2] DEBUG serenity.reporting - Generating report in c5024a99877ac58d43604494974d9b402e09a5ee7bc6cac523d35367431d8cb0.html

07:15:24.358 [pool-4-thread-7] DEBUG serenity.reporting - Generated report 80da72096313fe96dfc7dd10250301c81f29a8a8fdb41eef94cb8f8efdb535f7.html in 591 ms

07:15:24.358 [pool-4-thread-6] DEBUG serenity.reporting - Generated report a3cacb694d12629372cf1b4fbc1f2b58e6a3e5431dcf01f2f0bfa3cc9559394f.html in 591 ms

07:15:24.358 [pool-4-thread-7] DEBUG net.thucydides.core.reports.ReportService - Processing test outcome Service vehicle customer:Get all Vehicle service with invalid parameter id done

07:15:24.358 [pool-4-thread-6] DEBUG net.thucydides.core.reports.ReportService - Processing test outcome Service vehicle customer:Get all vehicle service with valid parameter id done

07:15:24.364 [pool-4-thread-5] DEBUG serenity.reporting - Generated report 805c6e250cc5e95ad3abc3699f7edac9f66e69bf3f36c1d92b20e96da4f61279.html in 15 ms

07:15:24.364 [pool-4-thread-5] DEBUG net.thucydides.core.reports.ReportService - Processing test outcome Service vehicle customer:Get vehicle service customer with invalid token done

07:15:24.364 [pool-4-thread-2] DEBUG serenity.reporting - Generated report c5024a99877ac58d43604494974d9b402e09a5ee7bc6cac523d35367431d8cb0.html in 15 ms

07:15:24.365 [pool-4-thread-2] DEBUG net.thucydides.core.reports.ReportService - Processing test outcome Service vehicle customer:Get vehicle service customer with invalid path done

07:15:24.365 [pool-2-thread-1] DEBUG net.thucydides.core.reports.ReportService - Shutting down executor service

07:15:24.365 [pool-2-thread-1] DEBUG net.thucydides.core.reports.ReportService - Reports generated in: 2070 ms

07:15:24.595 [pool-2-thread-1] INFO io.cucumber.core.plugin.SerenityReporter - Cleanup test resources for URI classpath:features/Bengcall/Admin/LoginAdmin.feature

07:15:24.598 [pool-2-thread-1] INFO io.cucumber.core.plugin.SerenityReporter - Cleanup test resources for URI classpath:features/Bengcall/User/ServiceVehiclesUser.feature


@ServiceVehicleCustomer @GetServiceValidId
Scenario Outline: Get all vehicle service with valid parameter id                               &amp#27;[90m# features/Bengcall/User/ServiceVehiclesUser.feature:13&amp#27;[0m
07:15:20.533 [pool-2-thread-1] INFO io.cucumber.core.plugin.SerenityReporter - Running feature from classpath:features/Bengcall/User/ServiceVehiclesUser.feature
07:15:20.554 [pool-2-thread-1] INFO  - 
  _____   ___   ___   _____     ___   _____     _     ___   _____   ___   ___  
 |_   _| | __| / __| |_   _|   / __| |_   _|   /_\   | _ \ |_   _| | __| |   \ 
   | |   | _|  \__ \   | |     \__ \   | |    / _ \  |   /   | |   | _|  | |) |
   |_|   |___| |___/   |_|     |___/   |_|   /_/ \_\ |_|_\   |_|   |___| |___/ 

Get all vehicle service with valid parameter id(service-vehicle-customer;get-all-vehicle-service-with-valid-parameter-id)
--------------------------------------------------------------------------------
07:15:20.600 [pool-2-thread-1] DEBUG net.thucydides.core.steps.StepInterceptor - STARTING STEP: ServiceVehicleStepdefs.getAllVehicleServiceWithValidIdVehicleIdId - Get service vehicle customer with valid parameter id
07:15:20.607 [pool-2-thread-1] DEBUG net.thucydides.core.steps.StepInterceptor - STEP DONE: Get service vehicle customer with valid parameter id
  &amp#27;[32mGiven &amp#27;[0m&amp#27;[32mGet all vehicle service with valid id vehicle id &amp#27;[0m&amp#27;[32m&amp#27;[1m1&amp#27;[0m                                      &amp#27;[90m# bengCall.user.ServiceVehicleStepdefs.getAllVehicleServiceWithValidIdVehicleIdId(int)&amp#27;[0m
  &amp#27;[32mWhen &amp#27;[0m&amp#27;[32mSend request service&amp#27;[0m                                                                     &amp#27;[90m# bengCall.user.ServiceVehicleStepdefs.sendRequestService()&amp#27;[0m
  &amp#27;[32mThen &amp#27;[0m&amp#27;[32mStatus code &amp#27;[0m&amp#27;[32m&amp#27;[1m200&amp#27;[0m&amp#27;[32m OK&amp#27;[0m                                                                       &amp#27;[90m# bengCall.user.ServiceVehicleStepdefs.statusCodeOK(int)&amp#27;[0m
  &amp#27;[32mAnd &amp#27;[0m&amp#27;[32mResponse service customer body should contain massage &amp#27;[0m&amp#27;[32m&amp#27;[1m"Success get spesific service type"&amp#27;[0m &amp#27;[90m# bengCall.user.ServiceVehicleStepdefs.responseBodyShouldContainMassageAndVehicleIdVehicleId(java.lang.String)&amp#27;[0m
  &amp#27;[32mAnd &amp#27;[0m&amp#27;[32mValidation get vehicle service with valid parameter id&amp#27;[0m                                    &amp#27;[90m# bengCall.user.ServiceVehicleStepdefs.validationGetVehicleServiceWithValidParameterId()&amp#27;[0m
07:15:20.793 [pool-2-thread-1] INFO  - 
  _____   ___   ___   _____     ___     _     ___   ___   ___   ___  
 |_   _| | __| / __| |_   _|   | _ \   /_\   / __| / __| | __| |   \ 
   | |   | _|  \__ \   | |     |  _/  / _ \  \__ \ \__ \ | _|  | |) |
   |_|   |___| |___/   |_|     |_|   /_/ \_\ |___/ |___/ |___| |___/ 

Get all vehicle service with valid parameter id
----------------------------------------------------------------------
]]></system-out>
  </testcase>
  <testcase name="Get all vehicle service with valid parameter id #2" classname="Service vehicle customer" time="0.167">
    <system-out><![CDATA[
@ServiceVehicleCustomer @GetServiceValidId
Scenario Outline: Get all vehicle service with valid parameter id                               &amp#27;[90m# features/Bengcall/User/ServiceVehiclesUser.feature:14&amp#27;[0m
07:15:20.799 [pool-2-thread-1] INFO io.cucumber.core.plugin.SerenityReporter - Running feature from classpath:features/Bengcall/User/ServiceVehiclesUser.feature
07:15:20.811 [pool-2-thread-1] DEBUG net.thucydides.core.steps.StepInterceptor - STARTING STEP: ServiceVehicleStepdefs.getAllVehicleServiceWithValidIdVehicleIdId - Get service vehicle customer with valid parameter id
07:15:20.812 [pool-2-thread-1] DEBUG net.thucydides.core.steps.StepInterceptor - STEP DONE: Get service vehicle customer with valid parameter id
  &amp#27;[32mGiven &amp#27;[0m&amp#27;[32mGet all vehicle service with valid id vehicle id &amp#27;[0m&amp#27;[32m&amp#27;[1m2&amp#27;[0m                                      &amp#27;[90m# bengCall.user.ServiceVehicleStepdefs.getAllVehicleServiceWithValidIdVehicleIdId(int)&amp#27;[0m
  &amp#27;[32mWhen &amp#27;[0m&amp#27;[32mSend request service&amp#27;[0m                                                                     &amp#27;[90m# bengCall.user.ServiceVehicleStepdefs.sendRequestService()&amp#27;[0m
  &amp#27;[32mThen &amp#27;[0m&amp#27;[32mStatus code &amp#27;[0m&amp#27;[32m&amp#27;[1m200&amp#27;[0m&amp#27;[32m OK&amp#27;[0m                                                                       &amp#27;[90m# bengCall.user.ServiceVehicleStepdefs.statusCodeOK(int)&amp#27;[0m
  &amp#27;[32mAnd &amp#27;[0m&amp#27;[32mResponse service customer body should contain massage &amp#27;[0m&amp#27;[32m&amp#27;[1m"Success get spesific service type"&amp#27;[0m &amp#27;[90m# bengCall.user.ServiceVehicleStepdefs.responseBodyShouldContainMassageAndVehicleIdVehicleId(java.lang.String)&amp#27;[0m
  &amp#27;[32mAnd &amp#27;[0m&amp#27;[32mValidation get vehicle service with valid parameter id&amp#27;[0m                                    &amp#27;[90m# bengCall.user.ServiceVehicleStepdefs.validationGetVehicleServiceWithValidParameterId()&amp#27;[0m
07:15:20.960 [pool-2-thread-1] INFO  - 
  _____   ___   ___   _____     ___     _     ___   ___   ___   ___  
 |_   _| | __| / __| |_   _|   | _ \   /_\   / __| / __| | __| |   \ 
   | |   | _|  \__ \   | |     |  _/  / _ \  \__ \ \__ \ | _|  | |) |
   |_|   |___| |___/   |_|     |_|   /_/ \_\ |___/ |___/ |___| |___/ 

Get all vehicle service with valid parameter id
----------------------------------------------------------------------
]]></system-out>
  </testcase>
  <testcase name="Get all vehicle service with valid parameter id #3" classname="Service vehicle customer" time="0.188">
    <system-out><![CDATA[
@ServiceVehicleCustomer @GetServiceValidId
Scenario Outline: Get all vehicle service with valid parameter id                               &amp#27;[90m# features/Bengcall/User/ServiceVehiclesUser.feature:15&amp#27;[0m
07:15:20.967 [pool-2-thread-1] INFO io.cucumber.core.plugin.SerenityReporter - Running feature from classpath:features/Bengcall/User/ServiceVehiclesUser.feature
07:15:20.980 [pool-2-thread-1] DEBUG net.thucydides.core.steps.StepInterceptor - STARTING STEP: ServiceVehicleStepdefs.getAllVehicleServiceWithValidIdVehicleIdId - Get service vehicle customer with valid parameter id
07:15:20.982 [pool-2-thread-1] DEBUG net.thucydides.core.steps.StepInterceptor - STEP DONE: Get service vehicle customer with valid parameter id
  &amp#27;[32mGiven &amp#27;[0m&amp#27;[32mGet all vehicle service with valid id vehicle id &amp#27;[0m&amp#27;[32m&amp#27;[1m3&amp#27;[0m                                      &amp#27;[90m# bengCall.user.ServiceVehicleStepdefs.getAllVehicleServiceWithValidIdVehicleIdId(int)&amp#27;[0m
  &amp#27;[32mWhen &amp#27;[0m&amp#27;[32mSend request service&amp#27;[0m                                                                     &amp#27;[90m# bengCall.user.ServiceVehicleStepdefs.sendRequestService()&amp#27;[0m
  &amp#27;[32mThen &amp#27;[0m&amp#27;[32mStatus code &amp#27;[0m&amp#27;[32m&amp#27;[1m200&amp#27;[0m&amp#27;[32m OK&amp#27;[0m                                                                       &amp#27;[90m# bengCall.user.ServiceVehicleStepdefs.statusCodeOK(int)&amp#27;[0m
  &amp#27;[32mAnd &amp#27;[0m&amp#27;[32mResponse service customer body should contain massage &amp#27;[0m&amp#27;[32m&amp#27;[1m"Success get spesific service type"&amp#27;[0m &amp#27;[90m# bengCall.user.ServiceVehicleStepdefs.responseBodyShouldContainMassageAndVehicleIdVehicleId(java.lang.String)&amp#27;[0m
  &amp#27;[32mAnd &amp#27;[0m&amp#27;[32mValidation get vehicle service with valid parameter id&amp#27;[0m                                    &amp#27;[90m# bengCall.user.ServiceVehicleStepdefs.validationGetVehicleServiceWithValidParameterId()&amp#27;[0m
]]></system-out>
  </testcase>
  <testcase name="Get all Vehicle service with invalid parameter id #1" classname="Service vehicle customer" time="0.165">
    <system-out><![CDATA[
@ServiceVehicleCustomer @GetServiceInvalidId
Scenario Outline: Get all Vehicle service with invalid parameter id            &amp#27;[90m# features/Bengcall/User/ServiceVehiclesUser.feature:26&amp#27;[0m
07:15:21.153 [pool-2-thread-1] INFO io.cucumber.core.plugin.SerenityReporter - Running feature from classpath:features/Bengcall/User/ServiceVehiclesUser.feature
07:15:21.157 [pool-2-thread-1] INFO  - 
  _____   ___   ___   _____     ___   _____     _     ___   _____   ___   ___  
 |_   _| | __| / __| |_   _|   / __| |_   _|   /_\   | _ \ |_   _| | __| |   \ 
   | |   | _|  \__ \   | |     \__ \   | |    / _ \  |   /   | |   | _|  | |) |
   |_|   |___| |___/   |_|     |___/   |_|   /_/ \_\ |_|_\   |_|   |___| |___/ 

Get all Vehicle service with invalid parameter id(service-vehicle-customer;get-all-vehicle-service-with-invalid-parameter-id)
--------------------------------------------------------------------------------
07:15:21.171 [pool-2-thread-1] DEBUG net.thucydides.core.steps.StepInterceptor - STARTING STEP: ServiceVehicleStepdefs.getAllVehicleServiceWithInvalidIdVehicleIdId - Get service vehicle customer with invalid parameter id
07:15:21.172 [pool-2-thread-1] DEBUG net.thucydides.core.steps.StepInterceptor - STEP DONE: Get service vehicle customer with invalid parameter id
  &amp#27;[32mGiven &amp#27;[0m&amp#27;[32mGet all vehicle service with invalid id vehicle id &amp#27;[0m&amp#27;[32m&amp#27;[1m120&amp#27;[0m                 &amp#27;[90m# bengCall.user.ServiceVehicleStepdefs.getAllVehicleServiceWithInvalidIdVehicleIdId(int)&amp#27;[0m
  &amp#27;[32mWhen &amp#27;[0m&amp#27;[32mSend request invalid path service&amp#27;[0m                                       &amp#27;[90m# bengCall.user.ServiceVehicleStepdefs.sendRequestInvalidPathService()&amp#27;[0m
  &amp#27;[32mThen &amp#27;[0m&amp#27;[32mStatus code &amp#27;[0m&amp#27;[32m&amp#27;[1m500&amp#27;[0m&amp#27;[32m Internal Server Error&amp#27;[0m                                   &amp#27;[90m# bengCall.user.ServiceVehicleStepdefs.statusCodeInternalServerError(int)&amp#27;[0m
  &amp#27;[32mAnd &amp#27;[0m&amp#27;[32minvalid id Response customer body should contain massage &amp#27;[0m&amp#27;[32m&amp#27;[1m"There's no ID"&amp#27;[0m &amp#27;[90m# bengCall.user.ServiceVehicleStepdefs.invalidIdResponseCustomerBodyShouldContainMassage(java.lang.String)&amp#27;[0m
  &amp#27;[32mAnd &amp#27;[0m&amp#27;[32mValidation Get Vehicle service with invalid parameter id&amp#27;[0m                 &amp#27;[90m# bengCall.user.ServiceVehicleStepdefs.validationGetVehicleServiceWithInvalidParameterId()&amp#27;[0m
07:15:21.313 [pool-2-thread-1] INFO  - 
  _____   ___   ___   _____     ___     _     ___   ___   ___   ___  
 |_   _| | __| / __| |_   _|   | _ \   /_\   / __| / __| | __| |   \ 
   | |   | _|  \__ \   | |     |  _/  / _ \  \__ \ \__ \ | _|  | |) |
   |_|   |___| |___/   |_|     |_|   /_/ \_\ |___/ |___/ |___| |___/ 

Get all Vehicle service with invalid parameter id
----------------------------------------------------------------------
]]></system-out>
  </testcase>
  <testcase name="Get all Vehicle service with invalid parameter id #2" classname="Service vehicle customer" time="0.152">
    <system-out><![CDATA[
@ServiceVehicleCustomer @GetServiceInvalidId
Scenario Outline: Get all Vehicle service with invalid parameter id            &amp#27;[90m# features/Bengcall/User/ServiceVehiclesUser.feature:27&amp#27;[0m
07:15:21.318 [pool-2-thread-1] INFO io.cucumber.core.plugin.SerenityReporter - Running feature from classpath:features/Bengcall/User/ServiceVehiclesUser.feature
07:15:21.329 [pool-2-thread-1] DEBUG net.thucydides.core.steps.StepInterceptor - STARTING STEP: ServiceVehicleStepdefs.getAllVehicleServiceWithInvalidIdVehicleIdId - Get service vehicle customer with invalid parameter id
07:15:21.330 [pool-2-thread-1] DEBUG net.thucydides.core.steps.StepInterceptor - STEP DONE: Get service vehicle customer with invalid parameter id
  &amp#27;[32mGiven &amp#27;[0m&amp#27;[32mGet all vehicle service with invalid id vehicle id &amp#27;[0m&amp#27;[32m&amp#27;[1m130&amp#27;[0m                 &amp#27;[90m# bengCall.user.ServiceVehicleStepdefs.getAllVehicleServiceWithInvalidIdVehicleIdId(int)&amp#27;[0m
  &amp#27;[32mWhen &amp#27;[0m&amp#27;[32mSend request invalid path service&amp#27;[0m                                       &amp#27;[90m# bengCall.user.ServiceVehicleStepdefs.sendRequestInvalidPathService()&amp#27;[0m
  &amp#27;[32mThen &amp#27;[0m&amp#27;[32mStatus code &amp#27;[0m&amp#27;[32m&amp#27;[1m500&amp#27;[0m&amp#27;[32m Internal Server Error&amp#27;[0m                                   &amp#27;[90m# bengCall.user.ServiceVehicleStepdefs.statusCodeInternalServerError(int)&amp#27;[0m
  &amp#27;[32mAnd &amp#27;[0m&amp#27;[32minvalid id Response customer body should contain massage &amp#27;[0m&amp#27;[32m&amp#27;[1m"There's no ID"&amp#27;[0m &amp#27;[90m# bengCall.user.ServiceVehicleStepdefs.invalidIdResponseCustomerBodyShouldContainMassage(java.lang.String)&amp#27;[0m
  &amp#27;[32mAnd &amp#27;[0m&amp#27;[32mValidation Get Vehicle service with invalid parameter id&amp#27;[0m                 &amp#27;[90m# bengCall.user.ServiceVehicleStepdefs.validationGetVehicleServiceWithInvalidParameterId()&amp#27;[0m
07:15:21.465 [pool-2-thread-1] INFO  - 
  _____   ___   ___   _____     ___     _     ___   ___   ___   ___  
 |_   _| | __| / __| |_   _|   | _ \   /_\   / __| / __| | __| |   \ 
   | |   | _|  \__ \   | |     |  _/  / _ \  \__ \ \__ \ | _|  | |) |
   |_|   |___| |___/   |_|     |_|   /_/ \_\ |___/ |___/ |___| |___/ 

Get all Vehicle service with invalid parameter id
----------------------------------------------------------------------
]]></system-out>
  </testcase>
  <testcase name="Get all Vehicle service with invalid parameter id #3" classname="Service vehicle customer" time="0.194">
    <system-out><![CDATA[
@ServiceVehicleCustomer @GetServiceInvalidId
Scenario Outline: Get all Vehicle service with invalid parameter id            &amp#27;[90m# features/Bengcall/User/ServiceVehiclesUser.feature:28&amp#27;[0m
07:15:21.470 [pool-2-thread-1] INFO io.cucumber.core.plugin.SerenityReporter - Running feature from classpath:features/Bengcall/User/ServiceVehiclesUser.feature
07:15:21.482 [pool-2-thread-1] DEBUG net.thucydides.core.steps.StepInterceptor - STARTING STEP: ServiceVehicleStepdefs.getAllVehicleServiceWithInvalidIdVehicleIdId - Get service vehicle customer with invalid parameter id
07:15:21.483 [pool-2-thread-1] DEBUG net.thucydides.core.steps.StepInterceptor - STEP DONE: Get service vehicle customer with invalid parameter id
  &amp#27;[32mGiven &amp#27;[0m&amp#27;[32mGet all vehicle service with invalid id vehicle id &amp#27;[0m&amp#27;[32m&amp#27;[1m234&amp#27;[0m                 &amp#27;[90m# bengCall.user.ServiceVehicleStepdefs.getAllVehicleServiceWithInvalidIdVehicleIdId(int)&amp#27;[0m
  &amp#27;[32mWhen &amp#27;[0m&amp#27;[32mSend request invalid path service&amp#27;[0m                                       &amp#27;[90m# bengCall.user.ServiceVehicleStepdefs.sendRequestInvalidPathService()&amp#27;[0m
  &amp#27;[32mThen &amp#27;[0m&amp#27;[32mStatus code &amp#27;[0m&amp#27;[32m&amp#27;[1m500&amp#27;[0m&amp#27;[32m Internal Server Error&amp#27;[0m                                   &amp#27;[90m# bengCall.user.ServiceVehicleStepdefs.statusCodeInternalServerError(int)&amp#27;[0m
  &amp#27;[32mAnd &amp#27;[0m&amp#27;[32minvalid id Response customer body should contain massage &amp#27;[0m&amp#27;[32m&amp#27;[1m"There's no ID"&amp#27;[0m &amp#27;[90m# bengCall.user.ServiceVehicleStepdefs.invalidIdResponseCustomerBodyShouldContainMassage(java.lang.String)&amp#27;[0m
  &amp#27;[32mAnd &amp#27;[0m&amp#27;[32mValidation Get Vehicle service with invalid parameter id&amp#27;[0m                 &amp#27;[90m# bengCall.user.ServiceVehicleStepdefs.validationGetVehicleServiceWithInvalidParameterId()&amp#27;[0m
]]></system-out>
  </testcase>
  <testcase name="Get Vehicle service without id" classname="Service vehicle customer" time="0.157">
    <system-out><![CDATA[
@ServiceVehicleCustomer @GetServiceWithoutId
Scenario: Get Vehicle service without id                          &amp#27;[90m# features/Bengcall/User/ServiceVehiclesUser.feature:31&amp#27;[0m
07:15:21.666 [pool-2-thread-1] INFO io.cucumber.core.plugin.SerenityReporter - Running feature from classpath:features/Bengcall/User/ServiceVehiclesUser.feature
07:15:21.669 [pool-2-thread-1] INFO  - 
  _____   ___   ___   _____     ___   _____     _     ___   _____   ___   ___  
 |_   _| | __| / __| |_   _|   / __| |_   _|   /_\   | _ \ |_   _| | __| |   \ 
   | |   | _|  \__ \   | |     \__ \   | |    / _ \  |   /   | |   | _|  | |) |
   |_|   |___| |___/   |_|     |___/   |_|   /_/ \_\ |_|_\   |_|   |___| |___/ 

Get Vehicle service without id(service-vehicle-customer;get-vehicle-service-without-id)
--------------------------------------------------------------------------------
07:15:21.681 [pool-2-thread-1] DEBUG net.thucydides.core.steps.StepInterceptor - STARTING STEP: ServiceVehicleStepdefs.getVehicleServiceWithoutId - Get service vehicle customer without id
07:15:21.682 [pool-2-thread-1] DEBUG net.thucydides.core.steps.StepInterceptor - STEP DONE: Get service vehicle customer without id
  &amp#27;[32mGiven &amp#27;[0m&amp#27;[32mGet vehicle service Without id&amp#27;[0m                            &amp#27;[90m# bengCall.user.ServiceVehicleStepdefs.getVehicleServiceWithoutId()&amp#27;[0m
  &amp#27;[32mWhen &amp#27;[0m&amp#27;[32mSend path service without id&amp#27;[0m                               &amp#27;[90m# bengCall.user.ServiceVehicleStepdefs.sendPathServiceWithoutId()&amp#27;[0m
  &amp#27;[32mThen &amp#27;[0m&amp#27;[32mStatus code &amp#27;[0m&amp#27;[32m&amp#27;[1m404&amp#27;[0m&amp#27;[32m not found&amp#27;[0m                                  &amp#27;[90m# bengCall.admin.LoginAdminStepdefs.statusCodeNotFound(int)&amp#27;[0m
  &amp#27;[32mAnd &amp#27;[0m&amp#27;[32minvalid id Response body should contain massage &amp#27;[0m&amp#27;[32m&amp#27;[1m"Not Found"&amp#27;[0m &amp#27;[90m# bengCall.user.ServiceVehicleStepdefs.invalidIdResponseBodyShouldContainMassage(java.lang.String)&amp#27;[0m
  &amp#27;[32mAnd &amp#27;[0m&amp#27;[32mValidation Get Vehicle service without id&amp#27;[0m                   &amp#27;[90m# bengCall.user.ServiceVehicleStepdefs.validationGetVehicleServiceWithoutId()&amp#27;[0m
07:15:21.816 [pool-2-thread-1] INFO  - 
  _____   ___   ___   _____     ___     _     ___   ___   ___   ___  
 |_   _| | __| / __| |_   _|   | _ \   /_\   / __| / __| | __| |   \ 
   | |   | _|  \__ \   | |     |  _/  / _ \  \__ \ \__ \ | _|  | |) |
   |_|   |___| |___/   |_|     |_|   /_/ \_\ |___/ |___/ |___| |___/ 

Get Vehicle service without id
----------------------------------------------------------------------
]]></system-out>
  </testcase>
  <testcase name="Get vehicle service customer with invalid path" classname="Service vehicle customer" time="0.152">
    <system-out><![CDATA[
@ServiceVehicleCustomer @GetServiceWithInvalidPath
Scenario: Get vehicle service customer with invalid path            &amp#27;[90m# features/Bengcall/User/ServiceVehiclesUser.feature:39&amp#27;[0m
07:15:21.822 [pool-2-thread-1] INFO io.cucumber.core.plugin.SerenityReporter - Running feature from classpath:features/Bengcall/User/ServiceVehiclesUser.feature
07:15:21.825 [pool-2-thread-1] INFO  - 
  _____   ___   ___   _____     ___   _____     _     ___   _____   ___   ___  
 |_   _| | __| / __| |_   _|   / __| |_   _|   /_\   | _ \ |_   _| | __| |   \ 
   | |   | _|  \__ \   | |     \__ \   | |    / _ \  |   /   | |   | _|  | |) |
   |_|   |___| |___/   |_|     |___/   |_|   /_/ \_\ |_|_\   |_|   |___| |___/ 

Get vehicle service customer with invalid path(service-vehicle-customer;get-vehicle-service-customer-with-invalid-path)
--------------------------------------------------------------------------------
07:15:21.835 [pool-2-thread-1] DEBUG net.thucydides.core.steps.StepInterceptor - STARTING STEP: ServiceVehicleStepdefs.getVehicleServiceWithInvalidPath - Get service Vehicle with invalid path
07:15:21.836 [pool-2-thread-1] DEBUG net.thucydides.core.steps.StepInterceptor - STEP DONE: Get service Vehicle with invalid path
  &amp#27;[32mGiven &amp#27;[0m&amp#27;[32mget Vehicle service with invalid path and with id &amp#27;[0m&amp#27;[32m&amp#27;[1m1&amp#27;[0m         &amp#27;[90m# bengCall.user.ServiceVehicleStepdefs.getVehicleServiceWithInvalidPath(int)&amp#27;[0m
  &amp#27;[32mWhen &amp#27;[0m&amp#27;[32mSend invalid path&amp#27;[0m                                            &amp#27;[90m# bengCall.user.ServiceVehicleStepdefs.sendInvalidPath()&amp#27;[0m
  &amp#27;[32mThen &amp#27;[0m&amp#27;[32mStatus code &amp#27;[0m&amp#27;[32m&amp#27;[1m404&amp#27;[0m&amp#27;[32m not found&amp#27;[0m                                    &amp#27;[90m# bengCall.admin.LoginAdminStepdefs.statusCodeNotFound(int)&amp#27;[0m
  &amp#27;[32mAnd &amp#27;[0m&amp#27;[32minvalid path Response body should contain massage &amp#27;[0m&amp#27;[32m&amp#27;[1m"Not Found"&amp#27;[0m &amp#27;[90m# bengCall.admin.LoginAdminStepdefs.invalidPathResponseBodyShouldContainMassage(java.lang.String)&amp#27;[0m
  &amp#27;[32mAnd &amp#27;[0m&amp#27;[32mValidation Get vehicle service with invalid path&amp#27;[0m              &amp#27;[90m# bengCall.user.ServiceVehicleStepdefs.validationGetVehicleServiceWithInvalidPath()&amp#27;[0m
07:15:21.968 [pool-2-thread-1] INFO  - 
  _____   ___   ___   _____     ___     _     ___   ___   ___   ___  
 |_   _| | __| / __| |_   _|   | _ \   /_\   / __| / __| | __| |   \ 
   | |   | _|  \__ \   | |     |  _/  / _ \  \__ \ \__ \ | _|  | |) |
   |_|   |___| |___/   |_|     |_|   /_/ \_\ |___/ |___/ |___| |___/ 

Get vehicle service customer with invalid path
----------------------------------------------------------------------
]]></system-out>
  </testcase>
  <testcase name="Get vehicle service customer with invalid token" classname="Service vehicle customer" time="0.148">
    <system-out><![CDATA[
@ServiceVehicleCustomer @GetServiceWithInvalidToken
Scenario: Get vehicle service customer with invalid token                         &amp#27;[90m# features/Bengcall/User/ServiceVehiclesUser.feature:47&amp#27;[0m
07:15:21.974 [pool-2-thread-1] INFO io.cucumber.core.plugin.SerenityReporter - Running feature from classpath:features/Bengcall/User/ServiceVehiclesUser.feature
07:15:21.977 [pool-2-thread-1] INFO  - 
  _____   ___   ___   _____     ___   _____     _     ___   _____   ___   ___  
 |_   _| | __| / __| |_   _|   / __| |_   _|   /_\   | _ \ |_   _| | __| |   \ 
   | |   | _|  \__ \   | |     \__ \   | |    / _ \  |   /   | |   | _|  | |) |
   |_|   |___| |___/   |_|     |___/   |_|   /_/ \_\ |_|_\   |_|   |___| |___/ 

Get vehicle service customer with invalid token(service-vehicle-customer;get-vehicle-service-customer-with-invalid-token)
--------------------------------------------------------------------------------
07:15:21.988 [pool-2-thread-1] DEBUG net.thucydides.core.steps.StepInterceptor - STARTING STEP: ServiceVehicleStepdefs.vehicleServiceIdWithIdAndInvalidToken - Get Service vehicle customer with invalid token
07:15:21.989 [pool-2-thread-1] DEBUG net.thucydides.core.steps.StepInterceptor - STEP DONE: Get Service vehicle customer with invalid token
  &amp#27;[32mGiven &amp#27;[0m&amp#27;[32mVehicle service id with id &amp#27;[0m&amp#27;[32m&amp#27;[1m1&amp#27;[0m&amp#27;[32m and invalid token&amp#27;[0m                            &amp#27;[90m# bengCall.user.ServiceVehicleStepdefs.vehicleServiceIdWithIdAndInvalidToken(int)&amp#27;[0m
  &amp#27;[32mWhen &amp#27;[0m&amp#27;[32mSend request service&amp#27;[0m                                                       &amp#27;[90m# bengCall.user.ServiceVehicleStepdefs.sendRequestService()&amp#27;[0m
  &amp#27;[32mThen &amp#27;[0m&amp#27;[32mStatus code &amp#27;[0m&amp#27;[32m&amp#27;[1m401&amp#27;[0m&amp#27;[32m Unauthorized&amp#27;[0m                                               &amp#27;[90m# bengCall.user.ServiceVehicleStepdefs.statusCodeUnauthorized(int)&amp#27;[0m
  &amp#27;[32mAnd &amp#27;[0m&amp#27;[32minvalid token response body should contain massage &amp#27;[0m&amp#27;[32m&amp#27;[1m"invalid or expired jwt"&amp#27;[0m &amp#27;[90m# bengCall.user.ServiceVehicleStepdefs.invalidTokenResponseBodyShouldContainMassage(java.lang.String)&amp#27;[0m
  &amp#27;[32mAnd &amp#27;[0m&amp#27;[32mValidation Get Vehicle service with invalid token&amp#27;[0m                           &amp#27;[90m# bengCall.user.ServiceVehicleStepdefs.validationGetVehicleServiceWithInvalidToken()&amp#27;[0m
07:15:22.116 [pool-2-thread-1] INFO  - 
  _____   ___   ___   _____     ___     _     ___   ___   ___   ___  
 |_   _| | __| / __| |_   _|   | _ \   /_\   / __| / __| | __| |   \ 
   | |   | _|  \__ \   | |     |  _/  / _ \  \__ \ \__ \ | _|  | |) |
   |_|   |___| |___/   |_|     |_|   /_/ \_\ |___/ |___/ |___| |___/ 

Get vehicle service customer with invalid token
----------------------------------------------------------------------
]]></system-out>
  </testcase>
</testsuite>