<?xml version="1.0" encoding="UTF-8"?><testsuite errors="0" failures="0" name="Transaction user" skipped="0" tests="14" time="5.79" timestamp="2022-12-07 12:21:11"><testcase name="Transaction user with valid path"/><testcase name="Transaction user with invalid path"/><testcase name="Transaction user with invalid location id"/><testcase name="Transaction user with invalid vehicle id"/><testcase name="Transaction user with invalid service id"/><testcase name="Transaction user without date"/><testcase name="Transaction user without phone number"/><testcase name="Transaction user without Address"/><testcase name="Get on going Transaction with valid parameter and valid token"/><testcase name="Get on going Transaction with invalid parameter"/><testcase name="Get on going Transaction with invalid token"/><testcase name="Get detail transaction with valid parameter id"/><testcase name="Get detail transaction with invalid parameter id"/><testcase name="Get detail transaction with invalid token"/></testsuite>